<?xml version="1.0" encoding="UTF-8"?>
<!-- Generated by org.testng.reporters.JUnitReportReporter -->
<testsuite hostname="SRAVAN" failures="0" tests="1" name="com.appium.mobile.testing.WhatsappTest" time="78.127" errors="0" timestamp="2023-05-24T08:40:20 IST" skipped="0">
  <testcase classname="com.appium.mobile.testing.WhatsappTest" name="launchSession" time="78.127"/>
  <system-out/>
</testsuite> <!-- com.appium.mobile.testing.WhatsappTest -->
